DEBUG - Logging initialized using 'class org.apache.ibatis.logging.log4j2.Log4j2Impl' adapter.
DEBUG - PooledDataSource forcefully closed/removed all connections.
DEBUG - PooledDataSource forcefully closed/removed all connections.
DEBUG - PooledDataSource forcefully closed/removed all connections.
DEBUG - PooledDataSource forcefully closed/removed all connections.
DEBUG - Opening JDBC Connection
DEBUG - Created connection 1944138464.
DEBUG - Setting autocommit to false on JDBC Connection [com.mysql.cj.jdbc.ConnectionImpl@73e132e0]
DEBUG - PooledDataSource forcefully closed/removed all connections.
DEBUG - PooledDataSource forcefully closed/removed all connections.
DEBUG - PooledDataSource forcefully closed/removed all connections.
DEBUG - PooledDataSource forcefully closed/removed all connections.
DEBUG - Opening JDBC Connection
DEBUG - PooledDataSource forcefully closed/removed all connections.
DEBUG - Created connection 1046009438.
DEBUG - Setting autocommit to false on JDBC Connection [com.mysql.cj.jdbc.ConnectionImpl@3e58d65e]
DEBUG - PooledDataSource forcefully closed/removed all connections.
DEBUG - PooledDataSource forcefully closed/removed all connections.
DEBUG - PooledDataSource forcefully closed/removed all connections.
DEBUG - PooledDataSource forcefully closed/removed all connections.
DEBUG - Opening JDBC Connection
DEBUG - PooledDataSource forcefully closed/removed all connections.
DEBUG - Created connection 1940912369.
DEBUG - Setting autocommit to false on JDBC Connection [com.mysql.cj.jdbc.ConnectionImpl@73aff8f1]
DEBUG - PooledDataSource forcefully closed/removed all connections.
DEBUG - PooledDataSource forcefully closed/removed all connections.
DEBUG - PooledDataSource forcefully closed/removed all connections.
DEBUG - PooledDataSource forcefully closed/removed all connections.
DEBUG - Opening JDBC Connection
DEBUG - Created connection 675833472.
DEBUG - Setting autocommit to false on JDBC Connection [com.mysql.cj.jdbc.ConnectionImpl@28486680]
DEBUG - PooledDataSource forcefully closed/removed all connections.
DEBUG - PooledDataSource forcefully closed/removed all connections.
DEBUG - PooledDataSource forcefully closed/removed all connections.
DEBUG - PooledDataSource forcefully closed/removed all connections.
DEBUG - Opening JDBC Connection
DEBUG - PooledDataSource forcefully closed/removed all connections.
DEBUG - PooledDataSource forcefully closed/removed all connections.
DEBUG - Created connection 15910024.
DEBUG - Setting autocommit to false on JDBC Connection [com.mysql.cj.jdbc.ConnectionImpl@f2c488]
DEBUG - PooledDataSource forcefully closed/removed all connections.
DEBUG - PooledDataSource forcefully closed/removed all connections.
DEBUG - PooledDataSource forcefully closed/removed all connections.
DEBUG - PooledDataSource forcefully closed/removed all connections.
DEBUG - Opening JDBC Connection
DEBUG - PooledDataSource forcefully closed/removed all connections.
DEBUG - Created connection 1299145277.
DEBUG - Setting autocommit to false on JDBC Connection [com.mysql.cj.jdbc.ConnectionImpl@4d6f623d]
DEBUG - PooledDataSource forcefully closed/removed all connections.
DEBUG - PooledDataSource forcefully closed/removed all connections.
DEBUG - PooledDataSource forcefully closed/removed all connections.
DEBUG - PooledDataSource forcefully closed/removed all connections.
DEBUG - Opening JDBC Connection
DEBUG - Created connection 1970377948.
DEBUG - Setting autocommit to false on JDBC Connection [com.mysql.cj.jdbc.ConnectionImpl@757194dc]
DEBUG - PooledDataSource forcefully closed/removed all connections.
DEBUG - PooledDataSource forcefully closed/removed all connections.
DEBUG - PooledDataSource forcefully closed/removed all connections.
DEBUG - PooledDataSource forcefully closed/removed all connections.
DEBUG - Opening JDBC Connection
DEBUG - PooledDataSource forcefully closed/removed all connections.
DEBUG - PooledDataSource forcefully closed/removed all connections.
DEBUG - Created connection 1101451553.
DEBUG - Setting autocommit to false on JDBC Connection [com.mysql.cj.jdbc.ConnectionImpl@41a6d121]
